2022-12-28 16:46:33.484  INFO JESUSSCRUZ---[           main] c.f.d.b.DigitalBackendApplication       :Starting DigitalBackendApplication using Java 17.0.5 on JESUSSCRUZ with PID 26584 (C:\Users\jesus.scruz\OneDrive - neoris.com\Documents\FEMSA\JAVA\Exceptions\digitalbackendPrototype\api-digitalbackend\target\classes started by jesus.scruz in C:\Users\jesus.scruz\OneDrive - neoris.com\Documents\FEMSA\JAVA\Exceptions\digitalbackendPrototype\api-digitalbackend)
2022-12-28 16:46:33.493  INFO JESUSSCRUZ---[           main] c.f.d.b.DigitalBackendApplication       :No active profile set, falling back to 1 default profile: "default"
2022-12-28 16:46:34.374  INFO JESUSSCRUZ---[           main] .s.d.r.c.RepositoryConfigurationDelegate:Bootstrapping Spring Data JPA repositories in DEFAULT mode.
2022-12-28 16:46:34.447  INFO JESUSSCRUZ---[           main] .s.d.r.c.RepositoryConfigurationDelegate:Finished Spring Data repository scanning in 63 ms. Found 1 JPA repository interfaces.
2022-12-28 16:46:34.918  INFO JESUSSCRUZ---[           main] o.s.b.w.e.t.TomcatWebServer             :Tomcat initialized with port(s): 8080 (http)
2022-12-28 16:46:34.941  INFO JESUSSCRUZ---[           main] o.a.c.h.Http11NioProtocol               :Initializing ProtocolHandler ["http-nio-8080"]
2022-12-28 16:46:34.942  INFO JESUSSCRUZ---[           main] o.a.c.c.StandardService                 :Starting service [Tomcat]
2022-12-28 16:46:34.942  INFO JESUSSCRUZ---[           main] o.a.c.c.StandardEngine                  :Starting Servlet engine: [Apache Tomcat/9.0.69]
2022-12-28 16:46:35.049  INFO JESUSSCRUZ---[           main] o.a.c.c.C.[.[.[/]                       :Initializing Spring embedded WebApplicationContext
2022-12-28 16:46:35.049  INFO JESUSSCRUZ---[           main] w.s.c.ServletWebServerApplicationContext:Root WebApplicationContext: initialization completed in 1508 ms
2022-12-28 16:46:35.155  INFO JESUSSCRUZ---[           main] c.z.h.HikariDataSource                  :HikariPool-1 - Starting...
2022-12-28 16:46:35.345  INFO JESUSSCRUZ---[           main] c.z.h.HikariDataSource                  :HikariPool-1 - Start completed.
2022-12-28 16:46:35.353  INFO JESUSSCRUZ---[           main] o.s.b.a.h.H2ConsoleAutoConfiguration    :H2 console available at '/h2-console'. Database available at 'jdbc:h2:mem:testdb'
2022-12-28 16:46:35.493  INFO JESUSSCRUZ---[           main] o.h.j.i.u.LogHelper                     :HHH000204: Processing PersistenceUnitInfo [name: default]
2022-12-28 16:46:35.548  INFO JESUSSCRUZ---[           main] o.h.Version                             :HHH000412: Hibernate ORM core version 5.6.14.Final
2022-12-28 16:46:35.726  INFO JESUSSCRUZ---[           main] o.h.a.c.Version                         :HCANN000001: Hibernate Commons Annotations {5.1.2.Final}
2022-12-28 16:46:35.839  INFO JESUSSCRUZ---[           main] o.h.d.Dialect                           :HHH000400: Using dialect: org.hibernate.dialect.H2Dialect
2022-12-28 16:46:36.370  INFO JESUSSCRUZ---[           main] o.h.e.t.j.p.i.JtaPlatformInitiator      :HHH000490: Using JtaPlatform implementation: [org.hibernate.engine.transaction.jta.platform.internal.NoJtaPlatform]
2022-12-28 16:46:36.379  INFO JESUSSCRUZ---[           main] j.LocalContainerEntityManagerFactoryBean:Initialized JPA EntityManagerFactory for persistence unit 'default'
2022-12-28 16:46:36.612  INFO JESUSSCRUZ---[           main] f.a.AutowiredAnnotationBeanPostProcessor:Autowired annotation is not supported on static fields: static final int com.femsa.digital.backend.infra.mioxxo.services.TokenAccessService.timeDelay
2022-12-28 16:46:36.661  WARN JESUSSCRUZ---[           main] JpaBaseConfiguration$JpaWebConfiguration:spring.jpa.open-in-view is enabled by default. Therefore, database queries may be performed during view rendering. Explicitly configure spring.jpa.open-in-view to disable this warning
2022-12-28 16:46:37.075  INFO JESUSSCRUZ---[           main] o.s.b.a.e.w.EndpointLinksResolver       :Exposing 1 endpoint(s) beneath base path '/actuator'
2022-12-28 16:46:37.097  INFO JESUSSCRUZ---[           main] o.a.c.h.Http11NioProtocol               :Starting ProtocolHandler ["http-nio-8080"]
2022-12-28 16:46:37.116  INFO JESUSSCRUZ---[           main] o.s.b.w.e.t.TomcatWebServer             :Tomcat started on port(s): 8080 (http) with context path ''
2022-12-28 16:46:37.131  INFO JESUSSCRUZ---[           main] c.f.d.b.DigitalBackendApplication       :Started DigitalBackendApplication in 3.991 seconds (JVM running for 4.797)
2022-12-28 16:46:38.112  INFO JESUSSCRUZ---[on(3)-127.0.0.1] o.a.c.c.C.[.[.[/]                       :Initializing Spring DispatcherServlet 'dispatcherServlet'
2022-12-28 16:46:38.112  INFO JESUSSCRUZ---[on(3)-127.0.0.1] o.s.w.s.DispatcherServlet               :Initializing Servlet 'dispatcherServlet'
2022-12-28 16:46:38.113  INFO JESUSSCRUZ---[on(3)-127.0.0.1] o.s.w.s.DispatcherServlet               :Completed initialization in 1 ms
2022-12-28 16:46:44.836  INFO JESUSSCRUZ---[nio-8080-exec-2] c.f.d.b.u.t.LoggerUtils                 :Severity=>6
2022-12-28 16:46:44.836  INFO JESUSSCRUZ---[nio-8080-exec-2] c.f.d.b.u.t.LoggerUtils                 :Test logger1
