2022-12-28 16:48:17.790  INFO JESUSSCRUZ---[           main] c.f.d.b.DigitalBackendApplication       :Starting DigitalBackendApplication using Java 17.0.5 on JESUSSCRUZ with PID 25688 (C:\Users\jesus.scruz\OneDrive - neoris.com\Documents\FEMSA\JAVA\Exceptions\digitalbackendPrototype\api-digitalbackend\target\classes started by jesus.scruz in C:\Users\jesus.scruz\OneDrive - neoris.com\Documents\FEMSA\JAVA\Exceptions\digitalbackendPrototype\api-digitalbackend)
2022-12-28 16:48:17.799  INFO JESUSSCRUZ---[           main] c.f.d.b.DigitalBackendApplication       :No active profile set, falling back to 1 default profile: "default"
2022-12-28 16:48:18.712  INFO JESUSSCRUZ---[           main] .s.d.r.c.RepositoryConfigurationDelegate:Bootstrapping Spring Data JPA repositories in DEFAULT mode.
2022-12-28 16:48:18.782  INFO JESUSSCRUZ---[           main] .s.d.r.c.RepositoryConfigurationDelegate:Finished Spring Data repository scanning in 61 ms. Found 1 JPA repository interfaces.
2022-12-28 16:48:19.318  INFO JESUSSCRUZ---[           main] o.s.b.w.e.t.TomcatWebServer             :Tomcat initialized with port(s): 8080 (http)
2022-12-28 16:48:19.338  INFO JESUSSCRUZ---[           main] o.a.c.h.Http11NioProtocol               :Initializing ProtocolHandler ["http-nio-8080"]
2022-12-28 16:48:19.339  INFO JESUSSCRUZ---[           main] o.a.c.c.StandardService                 :Starting service [Tomcat]
2022-12-28 16:48:19.339  INFO JESUSSCRUZ---[           main] o.a.c.c.StandardEngine                  :Starting Servlet engine: [Apache Tomcat/9.0.69]
2022-12-28 16:48:19.439  INFO JESUSSCRUZ---[           main] o.a.c.c.C.[.[.[/]                       :Initializing Spring embedded WebApplicationContext
2022-12-28 16:48:19.439  INFO JESUSSCRUZ---[           main] w.s.c.ServletWebServerApplicationContext:Root WebApplicationContext: initialization completed in 1591 ms
2022-12-28 16:48:19.533  INFO JESUSSCRUZ---[           main] c.z.h.HikariDataSource                  :HikariPool-1 - Starting...
2022-12-28 16:48:19.736  INFO JESUSSCRUZ---[           main] c.z.h.HikariDataSource                  :HikariPool-1 - Start completed.
2022-12-28 16:48:19.744  INFO JESUSSCRUZ---[           main] o.s.b.a.h.H2ConsoleAutoConfiguration    :H2 console available at '/h2-console'. Database available at 'jdbc:h2:mem:testdb'
2022-12-28 16:48:19.880  INFO JESUSSCRUZ---[           main] o.h.j.i.u.LogHelper                     :HHH000204: Processing PersistenceUnitInfo [name: default]
2022-12-28 16:48:19.939  INFO JESUSSCRUZ---[           main] o.h.Version                             :HHH000412: Hibernate ORM core version 5.6.14.Final
2022-12-28 16:48:20.120  INFO JESUSSCRUZ---[           main] o.h.a.c.Version                         :HCANN000001: Hibernate Commons Annotations {5.1.2.Final}
2022-12-28 16:48:20.237  INFO JESUSSCRUZ---[           main] o.h.d.Dialect                           :HHH000400: Using dialect: org.hibernate.dialect.H2Dialect
2022-12-28 16:48:20.767  INFO JESUSSCRUZ---[           main] o.h.e.t.j.p.i.JtaPlatformInitiator      :HHH000490: Using JtaPlatform implementation: [org.hibernate.engine.transaction.jta.platform.internal.NoJtaPlatform]
2022-12-28 16:48:20.776  INFO JESUSSCRUZ---[           main] j.LocalContainerEntityManagerFactoryBean:Initialized JPA EntityManagerFactory for persistence unit 'default'
2022-12-28 16:48:21.009  INFO JESUSSCRUZ---[           main] f.a.AutowiredAnnotationBeanPostProcessor:Autowired annotation is not supported on static fields: static final int com.femsa.digital.backend.infra.mioxxo.services.TokenAccessService.timeDelay
2022-12-28 16:48:21.056  WARN JESUSSCRUZ---[           main] JpaBaseConfiguration$JpaWebConfiguration:spring.jpa.open-in-view is enabled by default. Therefore, database queries may be performed during view rendering. Explicitly configure spring.jpa.open-in-view to disable this warning
2022-12-28 16:48:21.455  INFO JESUSSCRUZ---[           main] o.s.b.a.e.w.EndpointLinksResolver       :Exposing 1 endpoint(s) beneath base path '/actuator'
2022-12-28 16:48:21.480  INFO JESUSSCRUZ---[           main] o.a.c.h.Http11NioProtocol               :Starting ProtocolHandler ["http-nio-8080"]
2022-12-28 16:48:21.498  INFO JESUSSCRUZ---[           main] o.s.b.w.e.t.TomcatWebServer             :Tomcat started on port(s): 8080 (http) with context path ''
2022-12-28 16:48:21.512  INFO JESUSSCRUZ---[           main] c.f.d.b.DigitalBackendApplication       :Started DigitalBackendApplication in 4.109 seconds (JVM running for 4.91)
2022-12-28 16:48:23.409  INFO JESUSSCRUZ---[on(3)-127.0.0.1] o.a.c.c.C.[.[.[/]                       :Initializing Spring DispatcherServlet 'dispatcherServlet'
2022-12-28 16:48:23.409  INFO JESUSSCRUZ---[on(3)-127.0.0.1] o.s.w.s.DispatcherServlet               :Initializing Servlet 'dispatcherServlet'
2022-12-28 16:48:23.410  INFO JESUSSCRUZ---[on(3)-127.0.0.1] o.s.w.s.DispatcherServlet               :Completed initialization in 1 ms
2022-12-28 16:48:36.121  INFO JESUSSCRUZ---[nio-8080-exec-2] c.f.d.b.u.t.LoggerUtils                 :Severity=>6
2022-12-28 16:48:36.121  INFO JESUSSCRUZ---[nio-8080-exec-2] c.f.d.b.u.t.LoggerUtils                 :Test logger-1
