2022-12-28 16:59:33.548  INFO JESUSSCRUZ---[           main] c.f.d.b.DigitalBackendApplication       :Starting DigitalBackendApplication using Java 17.0.5 on JESUSSCRUZ with PID 20772 (C:\Users\jesus.scruz\OneDrive - neoris.com\Documents\FEMSA\JAVA\Exceptions\digitalbackendPrototype\api-digitalbackend\target\classes started by jesus.scruz in C:\Users\jesus.scruz\OneDrive - neoris.com\Documents\FEMSA\JAVA\Exceptions\digitalbackendPrototype\api-digitalbackend)
2022-12-28 16:59:33.559  INFO JESUSSCRUZ---[           main] c.f.d.b.DigitalBackendApplication       :No active profile set, falling back to 1 default profile: "default"
2022-12-28 16:59:34.620  INFO JESUSSCRUZ---[           main] .s.d.r.c.RepositoryConfigurationDelegate:Bootstrapping Spring Data JPA repositories in DEFAULT mode.
2022-12-28 16:59:34.695  INFO JESUSSCRUZ---[           main] .s.d.r.c.RepositoryConfigurationDelegate:Finished Spring Data repository scanning in 67 ms. Found 1 JPA repository interfaces.
2022-12-28 16:59:35.194  INFO JESUSSCRUZ---[           main] o.s.b.w.e.t.TomcatWebServer             :Tomcat initialized with port(s): 8080 (http)
2022-12-28 16:59:35.212  INFO JESUSSCRUZ---[           main] o.a.c.h.Http11NioProtocol               :Initializing ProtocolHandler ["http-nio-8080"]
2022-12-28 16:59:35.213  INFO JESUSSCRUZ---[           main] o.a.c.c.StandardService                 :Starting service [Tomcat]
2022-12-28 16:59:35.213  INFO JESUSSCRUZ---[           main] o.a.c.c.StandardEngine                  :Starting Servlet engine: [Apache Tomcat/9.0.69]
2022-12-28 16:59:35.313  INFO JESUSSCRUZ---[           main] o.a.c.c.C.[.[.[/]                       :Initializing Spring embedded WebApplicationContext
2022-12-28 16:59:35.313  INFO JESUSSCRUZ---[           main] w.s.c.ServletWebServerApplicationContext:Root WebApplicationContext: initialization completed in 1700 ms
2022-12-28 16:59:35.410  INFO JESUSSCRUZ---[           main] c.z.h.HikariDataSource                  :HikariPool-1 - Starting...
2022-12-28 16:59:35.606  INFO JESUSSCRUZ---[           main] c.z.h.HikariDataSource                  :HikariPool-1 - Start completed.
2022-12-28 16:59:35.617  INFO JESUSSCRUZ---[           main] o.s.b.a.h.H2ConsoleAutoConfiguration    :H2 console available at '/h2-console'. Database available at 'jdbc:h2:mem:testdb'
2022-12-28 16:59:35.755  INFO JESUSSCRUZ---[           main] o.h.j.i.u.LogHelper                     :HHH000204: Processing PersistenceUnitInfo [name: default]
2022-12-28 16:59:35.809  INFO JESUSSCRUZ---[           main] o.h.Version                             :HHH000412: Hibernate ORM core version 5.6.14.Final
2022-12-28 16:59:35.998  INFO JESUSSCRUZ---[           main] o.h.a.c.Version                         :HCANN000001: Hibernate Commons Annotations {5.1.2.Final}
2022-12-28 16:59:36.120  INFO JESUSSCRUZ---[           main] o.h.d.Dialect                           :HHH000400: Using dialect: org.hibernate.dialect.H2Dialect
2022-12-28 16:59:36.708  INFO JESUSSCRUZ---[           main] o.h.e.t.j.p.i.JtaPlatformInitiator      :HHH000490: Using JtaPlatform implementation: [org.hibernate.engine.transaction.jta.platform.internal.NoJtaPlatform]
2022-12-28 16:59:36.716  INFO JESUSSCRUZ---[           main] j.LocalContainerEntityManagerFactoryBean:Initialized JPA EntityManagerFactory for persistence unit 'default'
2022-12-28 16:59:36.955  INFO JESUSSCRUZ---[           main] f.a.AutowiredAnnotationBeanPostProcessor:Autowired annotation is not supported on static fields: static final int com.femsa.digital.backend.infra.mioxxo.services.TokenAccessService.timeDelay
2022-12-28 16:59:37.007  WARN JESUSSCRUZ---[           main] JpaBaseConfiguration$JpaWebConfiguration:spring.jpa.open-in-view is enabled by default. Therefore, database queries may be performed during view rendering. Explicitly configure spring.jpa.open-in-view to disable this warning
2022-12-28 16:59:37.444  INFO JESUSSCRUZ---[           main] o.s.b.a.e.w.EndpointLinksResolver       :Exposing 1 endpoint(s) beneath base path '/actuator'
2022-12-28 16:59:37.467  INFO JESUSSCRUZ---[           main] o.a.c.h.Http11NioProtocol               :Starting ProtocolHandler ["http-nio-8080"]
2022-12-28 16:59:37.487  INFO JESUSSCRUZ---[           main] o.s.b.w.e.t.TomcatWebServer             :Tomcat started on port(s): 8080 (http) with context path ''
2022-12-28 16:59:37.499  INFO JESUSSCRUZ---[           main] c.f.d.b.DigitalBackendApplication       :Started DigitalBackendApplication in 4.309 seconds (JVM running for 5.227)
2022-12-28 16:59:40.347  INFO JESUSSCRUZ---[on(3)-127.0.0.1] o.a.c.c.C.[.[.[/]                       :Initializing Spring DispatcherServlet 'dispatcherServlet'
2022-12-28 16:59:40.347  INFO JESUSSCRUZ---[on(3)-127.0.0.1] o.s.w.s.DispatcherServlet               :Initializing Servlet 'dispatcherServlet'
2022-12-28 16:59:40.348  INFO JESUSSCRUZ---[on(3)-127.0.0.1] o.s.w.s.DispatcherServlet               :Completed initialization in 1 ms
2022-12-28 16:59:52.323  INFO JESUSSCRUZ---[nio-8080-exec-1] c.f.d.b.u.t.LoggerUtils                 :Severity=>INFO-6
2022-12-28 16:59:52.324  INFO JESUSSCRUZ---[nio-8080-exec-1] c.f.d.b.u.t.LoggerUtils                 :Test logger-1
2022-12-28 16:59:52.325  INFO JESUSSCRUZ---[nio-8080-exec-1] c.f.d.b.u.t.LoggerUtils                 :Severity=>WARNING-4
2022-12-28 16:59:52.325  WARN JESUSSCRUZ---[nio-8080-exec-1] c.f.d.b.u.t.LoggerUtils                 :Test logger-2
2022-12-28 16:59:52.325  INFO JESUSSCRUZ---[nio-8080-exec-1] c.f.d.b.u.t.LoggerUtils                 :Severity=>ERROR-3
2022-12-28 16:59:52.325 ERROR JESUSSCRUZ---[nio-8080-exec-1] c.f.d.b.u.t.LoggerUtils                 :Test logger-3
2022-12-28 16:59:52.325  INFO JESUSSCRUZ---[nio-8080-exec-1] c.f.d.b.u.t.LoggerUtils                 :Severity=>DEBUG-7
2022-12-28 16:59:52.325  INFO JESUSSCRUZ---[nio-8080-exec-1] c.f.d.b.u.t.LoggerUtils                 :Test logger-4
2022-12-28 16:59:52.327  INFO JESUSSCRUZ---[nio-8080-exec-1] c.f.d.b.u.t.LoggerUtils                 :Severity=>INFO-6
2022-12-28 16:59:52.327  INFO JESUSSCRUZ---[nio-8080-exec-1] c.f.d.b.u.t.LoggerUtils                 :2022-59-28 04:59:52
2022-12-28 16:59:52.327  INFO JESUSSCRUZ---[nio-8080-exec-1] c.f.d.b.a.c.BookController              :UUID=>9f21b5ae-c4c2-5bac-8fea-79a7108f0459
2022-12-28 17:00:36.295  INFO JESUSSCRUZ---[nio-8080-exec-3] c.f.d.b.u.t.LoggerUtils                 :Severity=>INFO-6
2022-12-28 17:00:36.295  INFO JESUSSCRUZ---[nio-8080-exec-3] c.f.d.b.u.t.LoggerUtils                 :Test logger-1
2022-12-28 17:00:36.295  INFO JESUSSCRUZ---[nio-8080-exec-3] c.f.d.b.u.t.LoggerUtils                 :Severity=>WARNING-4
2022-12-28 17:00:36.295  WARN JESUSSCRUZ---[nio-8080-exec-3] c.f.d.b.u.t.LoggerUtils                 :Test logger-2
2022-12-28 17:00:36.296  INFO JESUSSCRUZ---[nio-8080-exec-3] c.f.d.b.u.t.LoggerUtils                 :Severity=>ERROR-3
2022-12-28 17:00:36.296 ERROR JESUSSCRUZ---[nio-8080-exec-3] c.f.d.b.u.t.LoggerUtils                 :Test logger-3
2022-12-28 17:00:36.296  INFO JESUSSCRUZ---[nio-8080-exec-3] c.f.d.b.u.t.LoggerUtils                 :Severity=>DEBUG-7
2022-12-28 17:00:36.296  INFO JESUSSCRUZ---[nio-8080-exec-3] c.f.d.b.u.t.LoggerUtils                 :Test logger-4
2022-12-28 17:00:36.296  INFO JESUSSCRUZ---[nio-8080-exec-3] c.f.d.b.u.t.LoggerUtils                 :Severity=>INFO-6
2022-12-28 17:00:36.296  INFO JESUSSCRUZ---[nio-8080-exec-3] c.f.d.b.u.t.LoggerUtils                 :2022-00-28 05:00:36
2022-12-28 17:00:36.296  INFO JESUSSCRUZ---[nio-8080-exec-3] c.f.d.b.a.c.BookController              :UUID=>7036212f-e915-542a-aaae-1c898c02a869
2022-12-28 17:02:02.660  INFO JESUSSCRUZ---[nio-8080-exec-6] c.f.d.b.u.t.LoggerUtils                 :Severity=>INFO-6
2022-12-28 17:02:02.660  INFO JESUSSCRUZ---[nio-8080-exec-6] c.f.d.b.u.t.LoggerUtils                 :Test logger-1
2022-12-28 17:02:02.660  INFO JESUSSCRUZ---[nio-8080-exec-6] c.f.d.b.u.t.LoggerUtils                 :Severity=>WARNING-4
2022-12-28 17:02:02.660  WARN JESUSSCRUZ---[nio-8080-exec-6] c.f.d.b.u.t.LoggerUtils                 :Test logger-2
2022-12-28 17:02:02.661  INFO JESUSSCRUZ---[nio-8080-exec-6] c.f.d.b.u.t.LoggerUtils                 :Severity=>ERROR-3
2022-12-28 17:02:02.661 ERROR JESUSSCRUZ---[nio-8080-exec-6] c.f.d.b.u.t.LoggerUtils                 :Test logger-3
2022-12-28 17:02:02.661  INFO JESUSSCRUZ---[nio-8080-exec-6] c.f.d.b.u.t.LoggerUtils                 :Severity=>DEBUG-7
2022-12-28 17:02:02.661  INFO JESUSSCRUZ---[nio-8080-exec-6] c.f.d.b.u.t.LoggerUtils                 :Test logger-4
2022-12-28 17:02:02.661  INFO JESUSSCRUZ---[nio-8080-exec-6] c.f.d.b.u.t.LoggerUtils                 :Severity=>INFO-6
2022-12-28 17:02:02.661  INFO JESUSSCRUZ---[nio-8080-exec-6] c.f.d.b.u.t.LoggerUtils                 :2022-02-28 05:02:02
2022-12-28 17:02:02.661  INFO JESUSSCRUZ---[nio-8080-exec-6] c.f.d.b.a.c.BookController              :UUID=>8648f9ec-e393-5d85-9845-e6cefb07450c
2022-12-28 18:01:37.066  WARN JESUSSCRUZ---[l-1 housekeeper] c.z.h.p.HikariPool                      :HikariPool-1 - Thread starvation or clock leap detected (housekeeper delta=48m31s136ms66µs300ns).
2022-12-28 23:57:37.912  WARN JESUSSCRUZ---[l-1 housekeeper] c.z.h.p.HikariPool                      :HikariPool-1 - Thread starvation or clock leap detected (housekeeper delta=5h36m576ms579µs300ns).
